Namespace(epoch=100, n_way=5, k_spt=10, k_qry=10, task_num=1, meta_lr=0.001, update_lr=0.002, update_step=5, update_step_test=50)
MAML(
  (net): Learner(
    linear:(in:81, out:64)
    relu:(True,)
    linear:(in:64, out:64)
    relu:(True,)
    linear:(in:64, out:64)
    relu:(True,)
    linear:(in:64, out:64)
    relu:(True,)
    linear:(in:64, out:1)
    relu:(True,)
    
    (vars): ParameterList(
        (0): Parameter containing: [torch.FloatTensor of size 64x81]
        (1): Parameter containing: [torch.FloatTensor of size 64]
        (2): Parameter containing: [torch.FloatTensor of size 64x64]
        (3): Parameter containing: [torch.FloatTensor of size 64]
        (4): Parameter containing: [torch.FloatTensor of size 64x64]
        (5): Parameter containing: [torch.FloatTensor of size 64]
        (6): Parameter containing: [torch.FloatTensor of size 64x64]
        (7): Parameter containing: [torch.FloatTensor of size 64]
        (8): Parameter containing: [torch.FloatTensor of size 1x64]
        (9): Parameter containing: [torch.FloatTensor of size 1]
    )
    (vars_bn): ParameterList()
  )
)
Total trainable tensors: 17793
step: 99 	training loss: 5.703
Test loss: [  inf 51.62 50.5  49.3  48.12 46.94 45.78 44.62 43.5  42.4  41.3  40.3
 39.34 38.44 37.6  36.75 35.94 35.2  34.4  33.66 32.9  32.22 31.55 30.88
 30.25 29.64 29.06 28.48 27.97 27.47 27.02 26.58 26.25 25.83 25.58 25.17
 24.95 24.61 24.44 24.14 23.95 23.69 23.55 23.31 23.17 22.94 22.81 22.64
 22.56 22.34   inf]
This is the best model so far, saving.
step: 99 	training loss: 4.66
Test loss: [  inf 49.53 48.44 47.3  46.16 44.94 43.66 42.4  41.1  39.78 38.5  37.25
 36.03 34.88 33.72 32.62 31.66 30.73 29.86 29.08 28.33 27.62 27.   26.4
 25.89 25.38 24.89 24.47 24.03 23.72 23.33 23.08 22.72 22.53 22.25 22.1
 21.84 21.72 21.52 21.36 21.23 21.03 20.89 20.88 20.66 20.67 20.48 20.42
 20.22 20.3    inf]
This is the best model so far, saving.
step: 99 	training loss: 3.8
Test loss: [  inf 47.94 46.53 45.16 43.75 42.3  40.94 39.66 38.5  37.38 36.34 35.38
 34.47 33.53 32.66 31.81 30.97 30.19 29.34 28.62 27.86 27.2  26.52 25.97
 25.47 25.03 24.67 24.31 23.95 23.66 23.34 23.02 22.78 22.52 22.36 22.1
 21.9  21.7  21.62 21.33 21.22 21.05 20.9  20.77 20.7  20.53 20.5  20.3
 20.2  20.08   inf]
This is the best model so far, saving.
step: 99 	training loss: 3.756
Test loss: [  inf 49.1  47.8  46.5  45.12 43.66 42.2  40.72 39.34 37.97 36.72 35.5
 34.3  33.12 32.   30.95 29.97 29.06 28.23 27.47 26.81 26.25 25.69 25.23
 24.78 24.36 24.06 23.62 23.34 22.98 22.77 22.5  22.28 22.   21.8  21.66
 21.47 21.27 21.17 20.94 20.78 20.66 20.64 20.34 20.36 20.14 20.19 20.08
 19.95 19.94   inf]
This is the best model so far, saving.
step: 99 	training loss: 3.469
Test loss: [  inf 49.   47.44 45.75 44.   42.22 40.5  38.84 37.22 35.78 34.4  33.12
 31.92 30.83 29.77 28.81 27.94 27.16 26.5  25.92 25.4  25.   24.53 24.17
 23.73 23.45 23.19 22.88 22.67 22.4  22.25 22.06 21.8  21.77 21.5  21.38
 21.1  21.1  20.92 20.73 20.64 20.61 20.45 20.39 20.28 20.14 20.08 20.03
 20.08 19.78   inf]
This is the best model so far, saving.
step: 99 	training loss: 3.338
Test loss: [  inf 50.22 49.   47.7  46.25 44.78 43.3  41.8  40.38 38.97 37.62 36.34
 35.16 34.   32.94 31.83 30.89 29.89 29.03 28.2  27.45 26.83 26.12 25.6
 24.98 24.55 24.02 23.69 23.19 22.83 22.53 22.28 21.98 21.62 21.48 21.31
 21.12 20.81 20.7  20.58 20.42 20.28 20.14 20.05 19.95 19.84 19.72 19.61
 19.55 19.5    inf]
This is the best model so far, saving.
step: 99 	training loss: 3.307
Test loss: [  inf 48.5  46.9  45.22 43.5  41.78 40.2  38.78 37.47 36.22 35.06 34.
 33.   31.97 31.03 30.14 29.27 28.45 27.64 27.11 26.33 25.88 25.16 24.86
 24.28 23.97 23.52 23.31 22.97 22.8  22.45 22.28 22.08 21.92 21.62 21.53
 21.33 21.19 21.06 20.88 20.86 20.69 20.6  20.42 20.45 20.19 20.3  20.06
 20.12 19.77   inf]
step: 99 	training loss: 3.36
Test loss: [  inf 51.3  49.6  47.75 45.72 43.7  41.7  39.8  38.1  36.56 35.06 33.7
 32.38 31.17 30.06 29.14 28.22 27.39 26.66 25.94 25.45 24.84 24.39 23.94
 23.58 23.14 22.95 22.58 22.5  22.06 22.03 21.64 21.69 21.27 21.44 21.06
 21.2  20.78 20.97 20.52 20.81 20.45 20.66 20.34 20.56 20.2  20.4  19.97
 20.3  20.06   inf]
step: 99 	training loss: 3.22
Test loss: [  inf 48.5  46.6  44.7  42.8  40.97 39.16 37.5  35.94 34.44 33.   31.69
 30.45 29.33 28.3  27.4  26.45 25.83 25.1  24.66 24.   23.61 23.27 22.88
 22.67 22.3  22.06 21.86 21.67 21.48 21.3  21.19 21.   20.9  20.73 20.58
 20.53 20.34 20.38 20.03 20.1  20.02 20.19 19.78 19.83 19.73 19.77 19.61
 19.56 19.55   inf]
step: 99 	training loss: 3.414
Test loss: [  inf 49.25 47.5  45.6  43.56 41.47 39.4  37.53 35.75 34.12 32.62 31.23
 30.   28.86 27.83 26.94 26.11 25.42 24.73 24.2  23.67 23.3  22.9  22.6
 22.39 21.94 21.88 21.42 21.39 21.08 21.16 20.75 20.78 20.39 20.52 20.2
 20.17 19.89 20.12 19.77 19.81 19.56 19.66 19.52 19.44 19.39 19.33 19.31
 19.16 19.16   inf]
This is the best model so far, saving.
step: 99 	training loss: 2.973
Test loss: [  inf 50.25 48.5  46.94 45.28 43.6  41.9  40.25 38.72 37.22 35.84 34.5
 33.25 32.12 31.14 30.08 29.2  28.31 27.58 26.89 26.22 25.6  24.97 24.44
 24.11 23.56 23.23 22.88 22.61 22.3  22.06 21.77 21.61 21.42 21.16 21.08
 20.8  20.77 20.55 20.44 20.28 20.22 20.   19.94 19.9  19.88 19.73 19.69
 19.53 19.53   inf]
step: 99 	training loss: 3.084
Test loss: [  inf 49.6  48.16 46.6  44.84 43.06 41.28 39.6  38.1  36.7  35.3  33.97
 32.72 31.53 30.42 29.44 28.47 27.58 26.72 26.08 25.22 24.73 24.11 23.78
 23.33 23.02 22.69 22.5  22.11 21.98 21.62 21.61 21.23 21.22 20.86 20.94
 20.53 20.72 20.27 20.44 20.03 20.38 19.83 20.   19.7  20.02 19.67 19.75
 19.45 19.69   inf]
step: 99 	training loss: 3.133
Test loss: [  inf 54.34 53.   51.7  50.4  49.03 47.5  45.88 44.1  42.3  40.56 38.9
 37.3  35.94 34.53 33.25 31.98 30.81 29.7  28.77 27.8  27.11 26.33 25.72
 25.16 24.73 24.3  23.9  23.56 23.3  22.98 22.73 22.5  22.31 22.1  22.02
 21.75 21.66 21.44 21.4  21.19 21.06 20.97 20.88 20.73 20.72 20.5  20.61
 20.5  20.47   inf]
step: 99 	training loss: 2.873
Test loss: [  inf 52.12 50.47 48.88 47.12 45.25 43.28 41.34 39.5  37.84 36.38 34.97
 33.66 32.44 31.36 30.3  29.31 28.38 27.48 26.78 25.98 25.44 24.8  24.31
 23.78 23.48 22.92 22.86 22.28 22.2  21.86 21.78 21.39 21.31 21.   21.02
 20.86 20.78 20.64 20.53 20.42 20.34 20.17 20.12 20.03 19.98 19.92 19.86
 19.77 19.67   inf]
step: 99 	training loss: 2.771
Test loss: [  inf 50.12 48.7  47.2  45.6  43.94 42.3  40.72 39.22 37.75 36.3  34.9
 33.66 32.44 31.28 30.19 29.19 28.23 27.4  26.61 25.88 25.27 24.69 24.23
 23.78 23.38 22.94 22.73 22.45 22.23 21.9  21.78 21.56 21.47 21.28 21.17
 20.92 20.83 20.64 20.64 20.45 20.25 20.34 20.1  20.12 19.94 20.17 19.88
 19.8  19.75   inf]
step: 99 	training loss: 2.615
Test loss: [  inf 51.34 49.97 48.44 46.75 44.94 43.1  41.34 39.72 38.16 36.75 35.34
 34.1  32.8  31.7  30.64 29.58 28.77 27.89 27.11 26.45 25.86 25.28 24.72
 24.27 23.77 23.4  23.03 22.7  22.44 22.2  21.98 21.7  21.5  21.5  21.3
 21.12 20.88 20.97 20.81 20.64 20.45 20.48 20.25 20.3  20.34 20.2  20.17
 19.9  19.97   inf]
step: 99 	training loss: 2.879
Test loss: [  inf 48.06 46.34 44.44 42.25 40.06 38.03 36.2  34.47 32.9  31.52 30.14
 29.02 27.89 26.94 26.1  25.33 24.52 24.03 23.52 23.1  22.66 22.27 22.11
 21.77 21.5  21.27 21.16 20.95 20.7  20.69 20.48 20.42 20.03 20.36 19.98
 19.89 19.78 19.8  19.8  19.66 19.5  19.56 19.47 19.38 19.06 19.36 19.25
 19.16 18.98   inf]
This is the best model so far, saving.
step: 99 	training loss: 2.596
Test loss: [  inf 49.1  47.6  45.8  43.94 41.88 39.88 37.88 36.03 34.25 32.78 31.33
 30.06 28.81 27.72 26.66 25.83 24.95 24.34 23.7  23.36 22.83 22.45 22.06
 21.84 21.56 21.42 21.16 20.97 20.8  20.77 20.45 20.38 20.14 20.22 19.98
 19.89 19.8  19.75 19.53 19.56 19.44 19.3  19.38 19.27 19.05 19.23 19.17
 19.03 18.89   inf]
This is the best model so far, saving.
step: 99 	training loss: 2.83
Test loss: [  inf 51.16 49.62 48.2  46.7  45.03 43.3  41.62 39.9  38.25 36.66 35.22
 33.84 32.66 31.47 30.44 29.45 28.6  27.69 27.06 26.3  25.75 25.02 24.67
 24.08 23.8  23.28 23.1  22.64 22.56 22.03 21.94 21.56 21.62 21.27 21.16
 20.89 20.9  20.53 20.44 20.34 20.38 20.1  20.1  19.88 19.95 19.8  19.61
 19.62 19.53   inf]
step: 99 	training loss: 2.748
Test loss: [  inf 49.16 47.5  45.72 43.8  41.8  39.72 37.72 35.84 34.16 32.6  31.06
 29.67 28.53 27.52 26.73 25.88 25.23 24.55 24.17 23.58 23.33 22.72 22.58
 22.14 22.11 21.69 21.56 21.34 21.33 21.08 21.05 20.8  20.81 20.47 20.62
 20.25 20.38 20.02 20.2  19.84 19.95 19.7  19.95 19.55 19.56 19.4  19.62
 19.27 19.38   inf]
step: 99 	training loss: 2.871
Test loss: [  inf 47.97 46.12 44.03 41.8  39.53 37.38 35.47 33.78 32.3  30.95 29.64
 28.55 27.42 26.48 25.53 24.72 24.12 23.56 23.11 22.75 22.42 22.2  21.89
 21.84 21.4  21.39 21.1  21.06 20.78 20.84 20.44 20.53 20.31 20.33 20.11
 20.17 20.1  19.98 19.86 19.88 19.72 19.78 19.58 19.6  19.44 19.53 19.38
 19.34 19.2    inf]
step: 99 	training loss: 2.541
Test loss: [  inf 49.16 47.6  45.84 43.88 41.88 39.84 37.88 36.   34.22 32.53 30.97
 29.44 28.14 26.92 25.97 25.11 24.39 23.81 23.3  22.86 22.48 22.25 21.81
 21.72 21.31 21.23 20.84 20.88 20.62 20.61 20.31 20.4  20.02 20.11 19.83
 19.97 19.66 19.78 19.52 19.61 19.33 19.55 19.19 19.28 19.23 19.16 18.97
 19.19 19.05   inf]
step: 99 	training loss: 2.8
Test loss: [  inf 49.72 47.78 45.75 43.66 41.5  39.38 37.34 35.5  33.84 32.34 30.92
 29.66 28.52 27.44 26.6  25.75 25.19 24.56 24.05 23.6  23.16 22.84 22.48
 22.31 22.   21.78 21.61 21.38 21.2  21.16 20.84 20.78 20.48 20.61 20.28
 20.4  20.03 20.14 19.92 20.   19.8  19.9  19.61 19.7  19.42 19.53 19.42
 19.58 19.28   inf]
step: 99 	training loss: 2.824
Test loss: [  inf 53.4  52.06 50.62 49.06 47.4  45.7  43.88 42.06 40.3  38.62 37.
 35.44 33.97 32.66 31.47 30.4  29.4  28.45 27.64 26.81 26.23 25.52 25.03
 24.47 24.06 23.66 23.44 22.94 22.78 22.28 22.34 22.03 22.02 21.6  21.58
 21.3  21.33 21.16 20.98 20.9  20.86 20.88 20.62 20.7  20.56 20.61 20.36
 20.38 20.39   inf]
step: 99 	training loss: 2.582
Test loss: [  inf 46.2  44.22 42.06 39.88 37.62 35.53 33.5  31.7  30.08 28.56 27.27
 26.14 25.2  24.34 23.7  23.11 22.61 22.3  21.86 21.62 21.31 21.27 20.92
 20.9  20.64 20.69 20.33 20.52 20.11 20.25 19.95 20.17 19.66 19.97 19.61
 19.88 19.45 19.72 19.36 19.6  19.27 19.4  19.1  19.39 19.1  19.27 18.94
 19.23 19.05   inf]
step: 99 	training loss: 2.646
Test loss: [  inf 51.9  50.   47.88 45.5  43.   40.47 38.22 36.38 34.72 33.2  31.73
 30.38 29.3  28.19 27.36 26.45 25.9  25.12 24.73 24.02 23.66 23.23 22.9
 22.47 22.28 21.83 21.83 21.5  21.52 21.11 21.12 20.72 20.94 20.52 20.75
 20.38 20.55 20.14 20.34 20.   20.2  19.95 20.06 19.86 20.08 19.8  19.88
 19.55 19.98   inf]
step: 99 	training loss: 2.422
Test loss: [  inf 51.   49.34 47.72 46.   44.12 42.2  40.12 38.28 36.53 35.03 33.66
 32.38 31.2  30.2  29.16 28.34 27.53 26.84 26.12 25.58 24.95 24.48 24.11
 23.73 23.4  22.9  22.67 22.33 22.23 21.83 21.9  21.53 21.6  21.12 21.2
 20.8  20.92 20.66 20.67 20.4  20.48 20.28 20.23 20.11 20.25 19.83 19.83
 19.81 19.88   inf]
step: 99 	training loss: 2.582
Test loss: [  inf 51.34 49.62 47.84 45.88 43.75 41.5  39.22 37.1  35.12 33.25 31.62
 30.17 28.9  27.72 26.78 25.86 25.16 24.55 23.95 23.5  23.19 22.83 22.53
 22.4  22.05 21.98 21.56 21.58 21.27 21.27 21.17 21.03 20.94 20.8  20.66
 20.64 20.58 20.45 20.39 20.38 20.33 20.23 20.2  20.05 20.14 19.98 20.08
 19.81 19.98   inf]
step: 99 	training loss: 2.488
Test loss: [  inf 51.   49.44 47.6  45.47 43.2  40.88 38.7  36.78 35.03 33.34 31.86
 30.53 29.25 28.03 26.98 26.03 25.23 24.42 23.97 23.47 23.16 22.7  22.42
 22.17 21.95 21.66 21.44 21.23 21.17 20.9  20.81 20.62 20.48 20.28 20.28
 20.12 20.25 19.98 19.88 19.72 19.83 19.73 19.7  19.64 19.47 19.53 19.5
 19.55 19.39   inf]
step: 99 	training loss: 2.54
Test loss: [  inf 49.72 47.5  45.22 43.   40.88 38.84 37.   35.44 34.12 33.   31.83
 30.84 29.8  28.9  28.03 27.25 26.6  25.97 25.5  25.   24.34 24.02 23.58
 23.33 22.73 22.5  22.23 22.12 21.75 21.67 21.28 21.25 21.02 21.08 20.77
 20.67 20.61 20.61 20.14 20.27 20.05 20.3  19.84 20.1  19.67 20.1  19.72
 19.94 19.52   inf]
step: 99 	training loss: 2.373
Test loss: [  inf 48.7  46.88 44.88 42.88 40.66 38.62 36.6  34.75 33.16 31.69 30.4
 29.25 28.1  27.3  26.4  25.78 25.14 24.64 24.16 23.81 23.53 23.03 22.77
 22.4  22.23 21.92 21.78 21.38 21.27 21.03 21.03 20.75 20.61 20.47 20.28
 20.19 20.25 20.02 19.88 19.8  20.02 19.5  19.48 19.61 19.77 19.38 19.27
 19.31 19.5    inf]
step: 99 	training loss: 2.494
Test loss: [  inf 48.62 46.78 44.88 42.84 40.75 38.66 36.66 34.9  33.3  31.81 30.33
 29.   27.88 26.8  26.11 25.22 24.72 24.02 23.66 23.08 22.86 22.42 22.2
 21.84 21.75 21.47 21.52 21.14 21.12 20.94 20.81 20.6  20.62 20.39 20.27
 20.25 20.19 20.17 19.95 19.92 19.83 19.97 19.78 19.81 19.55 19.77 19.47
 19.64 19.38   inf]
step: 99 	training loss: 2.4
Test loss: [  inf 47.78 46.1  44.34 42.56 40.66 38.9  37.2  35.6  34.1  32.72 31.44
 30.2  29.16 28.03 27.3  26.34 25.8  25.05 24.53 24.   23.61 23.2  22.9
 22.69 22.3  22.06 21.83 21.66 21.39 21.3  21.06 21.   20.73 20.72 20.56
 20.48 20.27 20.28 20.08 20.11 19.98 19.94 19.8  19.78 19.69 19.67 19.61
 19.48 19.53   inf]
step: 99 	training loss: 2.434
Test loss: [  inf 51.28 49.3  47.3  45.25 43.06 40.8  38.7  36.6  34.62 33.   31.42
 30.16 28.83 27.89 26.73 25.92 25.14 24.53 24.02 23.53 23.17 22.62 22.28
 21.94 21.86 21.52 21.12 21.03 21.   20.7  20.64 20.55 20.47 20.19 20.06
 20.1  20.17 19.89 19.81 19.81 19.67 19.7  19.61 19.53 19.52 19.48 19.44
 19.53 19.38   inf]
step: 99 	training loss: 2.46
